09/30/2022 06:14:58 PM: INFO: **************************Test_002_login_ddt test**********************
09/30/2022 06:15:12 PM: INFO: ***test failed***
09/30/2022 06:15:23 PM: INFO: ***passed***
09/30/2022 06:15:34 PM: INFO: ***passed***
09/30/2022 06:15:44 PM: INFO: ***passed***
09/30/2022 06:15:44 PM: INFO: ********Login ddt test failed*********
09/30/2022 06:17:09 PM: INFO: **************************Test_002_login_ddt test**********************
09/30/2022 06:17:24 PM: INFO: ***test pass***
09/30/2022 06:18:50 PM: INFO: **************************Test_002_login_ddt test**********************
09/30/2022 06:19:05 PM: INFO: ***test failed***
09/30/2022 06:19:16 PM: INFO: ***passed***
09/30/2022 06:19:27 PM: INFO: ***passed***
09/30/2022 06:19:37 PM: INFO: ***passed***
09/30/2022 06:19:37 PM: INFO: ********Login ddt test failed*********
09/30/2022 06:19:56 PM: INFO: **************************Test_002_login_ddt test**********************
09/30/2022 06:20:11 PM: INFO: ***test pass***
09/30/2022 06:20:22 PM: INFO: ***passed***
09/30/2022 06:20:33 PM: INFO: ***passed***
09/30/2022 06:20:43 PM: INFO: ***passed***
09/30/2022 06:20:43 PM: INFO: ********Login ddt test passed*********
09/30/2022 06:20:44 PM: INFO: ******* End of Login DDT Test **********
09/30/2022 06:20:44 PM: INFO: **************** Completed  TC_LoginDDT_002 ************* 
09/30/2022 06:24:35 PM: INFO: **************************Test_002_login_ddt test**********************
09/30/2022 06:24:51 PM: INFO: ***test pass***
09/30/2022 06:25:02 PM: INFO: ***passed***
09/30/2022 06:25:13 PM: INFO: ***passed***
09/30/2022 06:25:23 PM: INFO: ***passed***
09/30/2022 06:25:23 PM: INFO: ********Login ddt test passed*********
09/30/2022 06:25:24 PM: INFO: ******* End of Login DDT Test **********
09/30/2022 06:25:24 PM: INFO: **************** Completed  TC_LoginDDT_002 ************* 
09/30/2022 06:25:40 PM: INFO: **************************Test_002_login_ddt test**********************
09/30/2022 06:25:55 PM: INFO: ***test pass***
09/30/2022 06:26:07 PM: INFO: ***passed***
09/30/2022 06:26:18 PM: INFO: ***passed***
09/30/2022 06:26:29 PM: INFO: ***passed***
09/30/2022 06:26:29 PM: INFO: ********Login ddt test passed*********
09/30/2022 06:26:29 PM: INFO: ******* End of Login DDT Test **********
09/30/2022 06:26:29 PM: INFO: **************** Completed  TC_LoginDDT_002 ************* 
09/30/2022 06:46:32 PM: INFO: ************************** Test_001_Login **********************
09/30/2022 06:46:32 PM: INFO: ************************** Homepage verify title **********************
09/30/2022 06:46:50 PM: INFO: ************************** Homepage Test Title Verification returns OK **********************
09/30/2022 06:46:51 PM: INFO: ************************** Test_001_Login **********************
09/30/2022 06:46:51 PM: INFO: ************************** Login verify title **********************
09/30/2022 06:46:58 PM: INFO: ************************** Login Test Title Verification returns false **********************
09/30/2022 06:47:27 PM: INFO: ************************** Test_001_Login **********************
09/30/2022 06:47:27 PM: INFO: ************************** Homepage verify title **********************
09/30/2022 06:47:27 PM: INFO: ************************** Homepage Test Title Verification returns false **********************
09/30/2022 06:47:29 PM: INFO: ************************** Test_001_Login **********************
09/30/2022 06:47:29 PM: INFO: ************************** Login verify title **********************
09/30/2022 06:48:12 PM: INFO: ************************** Login Test Title Verification returns OK **********************
10/04/2022 07:14:19 PM: INFO: ************************** Test_001_Login **********************
10/04/2022 07:14:19 PM: INFO: ************************** Homepage verify title **********************
10/04/2022 07:14:22 PM: INFO: ************************** Homepage Test Title Verification returns OK **********************
10/04/2022 07:14:23 PM: INFO: ************************** Test_001_Login **********************
10/04/2022 07:14:23 PM: INFO: ************************** Login verify title **********************
10/04/2022 07:14:33 PM: INFO: ************************** Login Test Title Verification returns OK **********************
10/04/2022 07:17:04 PM: INFO: **************************Test_002_login_ddt test**********************
10/04/2022 07:17:23 PM: INFO: ***test pass***
10/04/2022 07:17:35 PM: INFO: ***passed***
10/04/2022 07:20:53 PM: INFO: ************************** Test_001_Login **********************
10/04/2022 07:20:53 PM: INFO: ************************** Homepage verify title **********************
10/04/2022 07:20:55 PM: INFO: ************************** Homepage Test Title Verification returns OK **********************
10/04/2022 07:20:57 PM: INFO: ************************** Test_001_Login **********************
10/04/2022 07:20:57 PM: INFO: ************************** Login verify title **********************
10/04/2022 07:21:04 PM: INFO: ************************** Login Test Title Verification returns OK **********************
10/04/2022 07:24:39 PM: INFO: ************************** Test_001_Login **********************
10/04/2022 07:24:39 PM: INFO: ************************** Homepage verify title **********************
10/04/2022 07:24:41 PM: INFO: ************************** Homepage Test Title Verification returns OK **********************
10/04/2022 07:24:42 PM: INFO: ************************** Test_001_Login **********************
10/04/2022 07:24:42 PM: INFO: ************************** Login verify title **********************
10/04/2022 07:24:52 PM: INFO: ************************** Login Test Title Verification returns OK **********************
10/04/2022 07:26:00 PM: INFO: ************************** Test_001_Login **********************
10/04/2022 07:26:00 PM: INFO: ************************** Homepage verify title **********************
10/04/2022 07:26:03 PM: INFO: ************************** Homepage Test Title Verification returns OK **********************
10/04/2022 07:26:04 PM: INFO: ************************** Test_001_Login **********************
10/04/2022 07:26:04 PM: INFO: ************************** Login verify title **********************
10/04/2022 07:26:14 PM: INFO: ************************** Login Test Title Verification returns OK **********************
10/04/2022 07:32:38 PM: INFO: ************************** Test_001_Login **********************
10/04/2022 07:32:38 PM: INFO: ************************** Homepage verify title **********************
10/04/2022 07:32:40 PM: INFO: ************************** Homepage Test Title Verification returns OK **********************
10/04/2022 07:32:41 PM: INFO: ************************** Test_001_Login **********************
10/04/2022 07:32:41 PM: INFO: ************************** Login verify title **********************
10/04/2022 07:34:34 PM: INFO: ************************** Test_001_Login **********************
10/04/2022 07:34:34 PM: INFO: ************************** Login verify title **********************
10/04/2022 07:34:35 PM: INFO: ************************** Test_001_Login **********************
10/04/2022 07:34:35 PM: INFO: ************************** Homepage verify title **********************
10/04/2022 07:34:37 PM: INFO: ************************** Homepage Test Title Verification returns OK **********************
10/04/2022 07:34:45 PM: INFO: ************************** Login Test Title Verification returns OK **********************
10/04/2022 07:36:36 PM: INFO: ************************** Test_001_Login **********************
10/04/2022 07:36:36 PM: INFO: ************************** Login verify title **********************
10/04/2022 07:36:36 PM: INFO: ************************** Test_001_Login **********************
10/04/2022 07:36:36 PM: INFO: ************************** Homepage verify title **********************
10/04/2022 07:36:38 PM: INFO: ************************** Homepage Test Title Verification returns OK **********************
10/04/2022 07:36:46 PM: INFO: ************************** Login Test Title Verification returns OK **********************
10/04/2022 07:38:59 PM: INFO: ************************** Test_001_Login **********************
10/04/2022 07:38:59 PM: INFO: ************************** Homepage verify title **********************
10/04/2022 07:39:01 PM: INFO: ************************** Homepage Test Title Verification returns OK **********************
10/04/2022 07:39:02 PM: INFO: ************************** Test_001_Login **********************
10/04/2022 07:39:02 PM: INFO: ************************** Login verify title **********************
10/04/2022 07:39:12 PM: INFO: ************************** Login Test Title Verification returns OK **********************
10/04/2022 07:40:04 PM: INFO: ************************** Test_001_Login **********************
10/04/2022 07:40:04 PM: INFO: ************************** Homepage verify title **********************
10/04/2022 07:40:04 PM: INFO: ************************** Test_001_Login **********************
10/04/2022 07:40:04 PM: INFO: ************************** Login verify title **********************
10/04/2022 07:40:06 PM: INFO: ************************** Homepage Test Title Verification returns OK **********************
10/04/2022 07:40:12 PM: INFO: ************************** Login Test Title Verification returns OK **********************
10/04/2022 07:44:55 PM: INFO: ************************** Test_001_Login **********************
10/04/2022 07:44:55 PM: INFO: ************************** Homepage verify title **********************
10/04/2022 07:44:55 PM: INFO: ************************** Test_001_Login **********************
10/04/2022 07:44:55 PM: INFO: ************************** Login verify title **********************
10/04/2022 07:44:57 PM: INFO: ************************** Homepage Test Title Verification returns OK **********************
10/04/2022 07:45:04 PM: INFO: ************************** Login Test Title Verification returns OK **********************
10/04/2022 07:46:14 PM: INFO: ************************** Test_001_Login **********************
10/04/2022 07:46:14 PM: INFO: ************************** Homepage verify title **********************
10/04/2022 07:46:14 PM: INFO: ************************** Test_001_Login **********************
10/04/2022 07:46:14 PM: INFO: ************************** Login verify title **********************
10/04/2022 07:46:16 PM: INFO: ************************** Homepage Test Title Verification returns OK **********************
10/04/2022 07:46:22 PM: INFO: ************************** Login Test Title Verification returns OK **********************
10/04/2022 07:50:30 PM: INFO: ************************** Test_001_Login **********************
10/04/2022 07:50:30 PM: INFO: ************************** Homepage verify title **********************
10/04/2022 07:50:30 PM: INFO: ************************** Test_001_Login **********************
10/04/2022 07:50:30 PM: INFO: ************************** Login verify title **********************
10/04/2022 07:50:32 PM: INFO: ************************** Homepage Test Title Verification returns OK **********************
10/04/2022 07:50:39 PM: INFO: ************************** Login Test Title Verification returns OK **********************
10/04/2022 07:52:27 PM: INFO: ************************** Test_001_Login **********************
10/04/2022 07:52:27 PM: INFO: ************************** Login verify title **********************
10/04/2022 07:52:27 PM: INFO: ************************** Test_001_Login **********************
10/04/2022 07:52:27 PM: INFO: ************************** Homepage verify title **********************
10/04/2022 07:52:29 PM: INFO: ************************** Homepage Test Title Verification returns OK **********************
10/04/2022 07:52:36 PM: INFO: ************************** Login Test Title Verification returns OK **********************
10/04/2022 07:52:52 PM: INFO: ************************** Test_001_Login **********************
10/04/2022 07:52:52 PM: INFO: ************************** Homepage verify title **********************
10/04/2022 07:52:54 PM: INFO: ************************** Homepage Test Title Verification returns OK **********************
10/04/2022 07:52:55 PM: INFO: ************************** Test_001_Login **********************
10/04/2022 07:52:55 PM: INFO: ************************** Login verify title **********************
10/04/2022 07:53:03 PM: INFO: ************************** Login Test Title Verification returns OK **********************
10/04/2022 07:56:46 PM: INFO: **************************Test_002_login_ddt test**********************
10/04/2022 07:58:35 PM: INFO: **************************Test_002_login_ddt test**********************
10/04/2022 07:58:54 PM: INFO: ***test pass***
10/04/2022 07:59:06 PM: INFO: ***passed***
10/04/2022 07:59:16 PM: INFO: ***passed***
10/04/2022 07:59:27 PM: INFO: ***passed***
10/04/2022 07:59:27 PM: INFO: ********Login ddt test passed*********
10/04/2022 07:59:27 PM: INFO: ******* End of Login DDT Test **********
10/04/2022 07:59:27 PM: INFO: **************** Completed  TC_LoginDDT_002 ************* 
10/04/2022 08:03:31 PM: INFO: ************************** Test_001_Login **********************
10/04/2022 08:03:31 PM: INFO: ************************** Login verify title **********************
10/04/2022 08:03:31 PM: INFO: ************************** Test_001_Login **********************
10/04/2022 08:03:31 PM: INFO: ************************** Homepage verify title **********************
10/04/2022 08:03:33 PM: INFO: ************************** Homepage Test Title Verification returns OK **********************
10/04/2022 08:03:54 PM: INFO: ************************** Login Test Title Verification returns OK **********************
10/04/2022 08:07:04 PM: INFO: ************************** Test_001_Login **********************
10/04/2022 08:07:04 PM: INFO: ************************** Login verify title **********************
10/04/2022 08:07:04 PM: INFO: ************************** Test_001_Login **********************
10/04/2022 08:07:04 PM: INFO: ************************** Homepage verify title **********************
10/04/2022 08:07:06 PM: INFO: ************************** Homepage Test Title Verification returns OK **********************
10/04/2022 08:07:13 PM: INFO: ************************** Login Test Title Verification returns OK **********************
10/04/2022 08:07:33 PM: INFO: ************************** Test_001_Login **********************
10/04/2022 08:07:33 PM: INFO: ************************** Login verify title **********************
10/04/2022 08:07:33 PM: INFO: ************************** Test_001_Login **********************
10/04/2022 08:07:33 PM: INFO: ************************** Homepage verify title **********************
10/04/2022 08:07:35 PM: INFO: ************************** Homepage Test Title Verification returns OK **********************
10/04/2022 08:07:42 PM: INFO: ************************** Login Test Title Verification returns OK **********************
10/04/2022 08:07:55 PM: INFO: ************************** Test_001_Login **********************
10/04/2022 08:07:55 PM: INFO: ************************** Homepage verify title **********************
10/04/2022 08:07:57 PM: INFO: ************************** Homepage Test Title Verification returns OK **********************
10/04/2022 08:07:58 PM: INFO: ************************** Test_001_Login **********************
10/04/2022 08:07:58 PM: INFO: ************************** Login verify title **********************
10/04/2022 08:08:07 PM: INFO: ************************** Login Test Title Verification returns OK **********************
10/04/2022 08:08:31 PM: INFO: ************************** Test_001_Login **********************
10/04/2022 08:08:31 PM: INFO: ************************** Homepage verify title **********************
10/04/2022 08:08:33 PM: INFO: ************************** Homepage Test Title Verification returns OK **********************
10/04/2022 08:08:34 PM: INFO: ************************** Test_001_Login **********************
10/04/2022 08:08:34 PM: INFO: ************************** Login verify title **********************
10/04/2022 08:08:44 PM: INFO: ************************** Login Test Title Verification returns OK **********************
10/04/2022 08:08:56 PM: INFO: ************************** Test_001_Login **********************
10/04/2022 08:08:56 PM: INFO: ************************** Homepage verify title **********************
10/04/2022 08:08:56 PM: INFO: ************************** Test_001_Login **********************
10/04/2022 08:08:56 PM: INFO: ************************** Login verify title **********************
10/04/2022 08:08:58 PM: INFO: ************************** Homepage Test Title Verification returns OK **********************
10/04/2022 08:09:06 PM: INFO: ************************** Login Test Title Verification returns OK **********************
10/04/2022 08:09:20 PM: INFO: ************************** Test_001_Login **********************
10/04/2022 08:09:20 PM: INFO: ************************** Homepage verify title **********************
10/04/2022 08:09:22 PM: INFO: ************************** Homepage Test Title Verification returns OK **********************
10/04/2022 08:09:23 PM: INFO: ************************** Test_001_Login **********************
10/04/2022 08:09:23 PM: INFO: ************************** Login verify title **********************
10/04/2022 08:09:33 PM: INFO: ************************** Login Test Title Verification returns OK **********************
10/04/2022 08:09:42 PM: INFO: ************************** Test_001_Login **********************
10/04/2022 08:09:42 PM: INFO: ************************** Login verify title **********************
10/04/2022 08:09:42 PM: INFO: ************************** Test_001_Login **********************
10/04/2022 08:09:42 PM: INFO: ************************** Homepage verify title **********************
10/04/2022 08:09:44 PM: INFO: ************************** Homepage Test Title Verification returns OK **********************
10/04/2022 08:09:52 PM: INFO: ************************** Login Test Title Verification returns OK **********************
10/05/2022 05:13:15 PM: INFO: ************************** Test_001_Login **********************
10/05/2022 05:13:15 PM: INFO: ************************** Login verify title **********************
10/05/2022 05:13:15 PM: INFO: ************************** Test_001_Login **********************
10/05/2022 05:13:15 PM: INFO: ************************** Homepage verify title **********************
10/05/2022 05:13:18 PM: INFO: ************************** Homepage Test Title Verification returns OK **********************
10/05/2022 05:16:57 PM: INFO: ************************** Test_001_Login **********************
10/05/2022 05:16:57 PM: INFO: ************************** Login verify title **********************
10/05/2022 05:16:57 PM: INFO: ************************** Test_001_Login **********************
10/05/2022 05:16:57 PM: INFO: ************************** Homepage verify title **********************
10/05/2022 05:16:59 PM: INFO: ************************** Homepage Test Title Verification returns OK **********************
10/05/2022 05:17:03 PM: INFO: ************************** Login Test Title Verification returns OK **********************
10/05/2022 05:20:46 PM: INFO: ************************** Test_001_Login **********************
10/05/2022 05:20:46 PM: INFO: ************************** Homepage verify title **********************
10/05/2022 05:20:46 PM: INFO: ************************** Test_001_Login **********************
10/05/2022 05:20:46 PM: INFO: ************************** Login verify title **********************
10/05/2022 05:20:49 PM: INFO: ************************** Homepage Test Title Verification returns OK **********************
10/05/2022 05:20:52 PM: INFO: ************************** Login Test Title Verification returns OK **********************
10/05/2022 05:39:45 PM: INFO: ************************** Test_001_Login **********************
10/05/2022 05:39:45 PM: INFO: ************************** Login verify title **********************
10/05/2022 05:39:45 PM: INFO: ************************** Test_001_Login **********************
10/05/2022 05:39:45 PM: INFO: ************************** Homepage verify title **********************
10/05/2022 05:39:48 PM: INFO: ************************** Homepage Test Title Verification returns OK **********************
10/05/2022 05:39:51 PM: INFO: ************************** Login Test Title Verification returns OK **********************
10/05/2022 05:40:15 PM: INFO: ************************** Test_001_Login **********************
10/05/2022 05:40:15 PM: INFO: ************************** Homepage verify title **********************
10/05/2022 05:40:15 PM: INFO: ************************** Test_001_Login **********************
10/05/2022 05:40:15 PM: INFO: ************************** Login verify title **********************
10/05/2022 05:40:16 PM: INFO: ************************** Homepage Test Title Verification returns false **********************
10/05/2022 05:40:21 PM: INFO: ************************** Login Test Title Verification returns OK **********************
10/05/2022 05:40:36 PM: INFO: ************************** Test_001_Login **********************
10/05/2022 05:40:36 PM: INFO: ************************** Test_001_Login **********************
10/05/2022 05:40:36 PM: INFO: ************************** Login verify title **********************
10/05/2022 05:40:36 PM: INFO: ************************** Homepage verify title **********************
10/05/2022 05:40:38 PM: INFO: ************************** Homepage Test Title Verification returns OK **********************
10/05/2022 05:40:41 PM: INFO: ************************** Login Test Title Verification returns OK **********************
10/05/2022 05:43:30 PM: INFO: ************************** Test_001_Login **********************
10/05/2022 05:43:30 PM: INFO: ************************** Homepage verify title **********************
10/05/2022 05:43:30 PM: INFO: ************************** Test_001_Login **********************
10/05/2022 05:43:30 PM: INFO: ************************** Login verify title **********************
10/05/2022 05:43:32 PM: INFO: ************************** Homepage Test Title Verification returns OK **********************
10/05/2022 05:43:35 PM: INFO: ************************** Login Test Title Verification returns OK **********************
10/05/2022 05:43:48 PM: INFO: ************************** Test_001_Login **********************
10/05/2022 05:43:48 PM: INFO: ************************** Login verify title **********************
10/05/2022 05:43:48 PM: INFO: ************************** Test_001_Login **********************
10/05/2022 05:43:48 PM: INFO: ************************** Homepage verify title **********************
10/05/2022 05:43:51 PM: INFO: ************************** Homepage Test Title Verification returns OK **********************
10/05/2022 05:43:54 PM: INFO: ************************** Login Test Title Verification returns OK **********************
10/05/2022 05:44:03 PM: INFO: ************************** Test_001_Login **********************
10/05/2022 05:44:03 PM: INFO: ************************** Homepage verify title **********************
10/05/2022 05:44:03 PM: INFO: ************************** Test_001_Login **********************
10/05/2022 05:44:03 PM: INFO: ************************** Login verify title **********************
10/05/2022 05:44:05 PM: INFO: ************************** Homepage Test Title Verification returns OK **********************
10/05/2022 05:44:09 PM: INFO: ************************** Login Test Title Verification returns OK **********************
10/05/2022 05:44:16 PM: INFO: ************************** Test_001_Login **********************
10/05/2022 05:44:16 PM: INFO: ************************** Homepage verify title **********************
10/05/2022 05:44:16 PM: INFO: ************************** Test_001_Login **********************
10/05/2022 05:44:16 PM: INFO: ************************** Login verify title **********************
10/05/2022 05:44:18 PM: INFO: ************************** Homepage Test Title Verification returns OK **********************
10/05/2022 05:44:22 PM: INFO: ************************** Login Test Title Verification returns OK **********************
10/05/2022 05:44:46 PM: INFO: ************************** Test_001_Login **********************
10/05/2022 05:44:46 PM: INFO: ************************** Homepage verify title **********************
10/05/2022 05:44:46 PM: INFO: ************************** Test_001_Login **********************
10/05/2022 05:44:46 PM: INFO: ************************** Login verify title **********************
10/05/2022 05:44:48 PM: INFO: ************************** Homepage Test Title Verification returns OK **********************
10/05/2022 05:44:51 PM: INFO: ************************** Login Test Title Verification returns OK **********************
10/05/2022 05:45:58 PM: INFO: ************************** Test_001_Login **********************
10/05/2022 05:45:58 PM: INFO: ************************** Homepage verify title **********************
10/05/2022 05:45:58 PM: INFO: ************************** Test_001_Login **********************
10/05/2022 05:45:58 PM: INFO: ************************** Login verify title **********************
10/05/2022 05:46:01 PM: INFO: ************************** Homepage Test Title Verification returns OK **********************
10/05/2022 05:46:04 PM: INFO: ************************** Login Test Title Verification returns OK **********************
10/05/2022 05:46:24 PM: INFO: ************************** Test_001_Login **********************
10/05/2022 05:46:24 PM: INFO: ************************** Homepage verify title **********************
10/05/2022 05:46:24 PM: INFO: ************************** Test_001_Login **********************
10/05/2022 05:46:24 PM: INFO: ************************** Login verify title **********************
10/05/2022 05:46:25 PM: INFO: ************************** Homepage Test Title Verification returns OK **********************
10/05/2022 05:46:29 PM: INFO: ************************** Login Test Title Verification returns OK **********************
10/05/2022 05:46:51 PM: INFO: ************************** Test_001_Login **********************
10/05/2022 05:46:51 PM: INFO: ************************** Login verify title **********************
10/05/2022 05:46:51 PM: INFO: ************************** Test_001_Login **********************
10/05/2022 05:46:51 PM: INFO: ************************** Homepage verify title **********************
10/05/2022 05:46:53 PM: INFO: ************************** Homepage Test Title Verification returns OK **********************
10/05/2022 05:46:56 PM: INFO: ************************** Login Test Title Verification returns OK **********************
10/05/2022 05:53:02 PM: INFO: ************************** Test_001_Login **********************
10/05/2022 05:53:02 PM: INFO: ************************** Homepage verify title **********************
10/05/2022 05:53:02 PM: INFO: ************************** Test_001_Login **********************
10/05/2022 05:53:02 PM: INFO: ************************** Login verify title **********************
10/05/2022 05:53:04 PM: INFO: ************************** Homepage Test Title Verification returns OK **********************
10/05/2022 05:53:07 PM: INFO: ************************** Login Test Title Verification returns OK **********************
10/05/2022 05:59:41 PM: INFO: ************************** Test_001_Login **********************
10/05/2022 05:59:41 PM: INFO: ************************** Homepage verify title **********************
10/05/2022 05:59:41 PM: INFO: ************************** Test_001_Login **********************
10/05/2022 05:59:41 PM: INFO: ************************** Login verify title **********************
10/05/2022 05:59:44 PM: INFO: ************************** Homepage Test Title Verification returns OK **********************
10/05/2022 05:59:47 PM: INFO: ************************** Login Test Title Verification returns OK **********************
10/05/2022 06:01:27 PM: INFO: ************************** Test_001_Login **********************
10/05/2022 06:01:27 PM: INFO: ************************** Homepage verify title **********************
10/05/2022 06:01:27 PM: INFO: ************************** Test_001_Login **********************
10/05/2022 06:01:27 PM: INFO: ************************** Login verify title **********************
10/05/2022 06:01:29 PM: INFO: ************************** Homepage Test Title Verification returns OK **********************
10/05/2022 06:01:32 PM: INFO: ************************** Login Test Title Verification returns OK **********************
10/05/2022 06:02:14 PM: INFO: ************************** Test_001_Login **********************
10/05/2022 06:02:14 PM: INFO: ************************** Homepage verify title **********************
10/05/2022 06:02:14 PM: INFO: ************************** Test_001_Login **********************
10/05/2022 06:02:14 PM: INFO: ************************** Login verify title **********************
10/05/2022 06:02:16 PM: INFO: ************************** Homepage Test Title Verification returns OK **********************
10/05/2022 06:02:20 PM: INFO: ************************** Login Test Title Verification returns OK **********************
10/06/2022 09:52:24 AM: INFO: ************************** Test_001_Login **********************
10/06/2022 09:52:24 AM: INFO: ************************** Homepage verify title **********************
10/06/2022 09:52:24 AM: INFO: ************************** Test_001_Login **********************
10/06/2022 09:52:24 AM: INFO: ************************** Login verify title **********************
10/06/2022 09:52:27 AM: INFO: ************************** Homepage Test Title Verification returns OK **********************
10/06/2022 09:52:30 AM: INFO: ************************** Login Test Title Verification returns OK **********************
10/06/2022 09:57:29 AM: INFO: ************************** Test_001_Login **********************
10/06/2022 09:57:29 AM: INFO: ************************** Login verify title **********************
10/06/2022 09:57:29 AM: INFO: ************************** Test_001_Login **********************
10/06/2022 09:57:29 AM: INFO: ************************** Homepage verify title **********************
10/06/2022 09:57:32 AM: INFO: ************************** Homepage Test Title Verification returns OK **********************
10/06/2022 09:57:35 AM: INFO: ************************** Login Test Title Verification returns OK **********************
10/06/2022 09:58:19 AM: INFO: ************************** Test_001_Login **********************
10/06/2022 09:58:19 AM: INFO: ************************** Login verify title **********************
10/06/2022 09:58:24 AM: INFO: ************************** Login Test Title Verification returns OK **********************
10/06/2022 09:58:41 AM: INFO: ************************** Test_001_Login **********************
10/06/2022 09:58:41 AM: INFO: ************************** Homepage verify title **********************
10/06/2022 09:58:42 AM: INFO: ************************** Homepage Test Title Verification returns OK **********************
10/06/2022 09:58:55 AM: INFO: ************************** Test_001_Login **********************
10/06/2022 09:58:55 AM: INFO: ************************** Homepage verify title **********************
10/06/2022 09:58:56 AM: INFO: ************************** Homepage Test Title Verification returns OK **********************
10/06/2022 10:00:55 AM: INFO: ************************** Test_001_Login **********************
10/06/2022 10:00:55 AM: INFO: ************************** Homepage verify title **********************
10/06/2022 10:00:56 AM: INFO: ************************** Homepage Test Title Verification returns OK **********************
10/06/2022 10:01:20 AM: INFO: ************************** Test_001_Login **********************
10/06/2022 10:01:20 AM: INFO: ************************** Login verify title **********************
10/06/2022 10:01:25 AM: INFO: ************************** Login Test Title Verification returns OK **********************
10/06/2022 10:06:04 AM: INFO: ************************** Test_001_Login **********************
10/06/2022 10:06:04 AM: INFO: ************************** Login verify title **********************
10/06/2022 10:06:04 AM: INFO: ************************** Test_001_Login **********************
10/06/2022 10:06:04 AM: INFO: ************************** Homepage verify title **********************
10/06/2022 10:06:07 AM: INFO: ************************** Homepage Test Title Verification returns OK **********************
10/06/2022 10:06:11 AM: INFO: ************************** Login Test Title Verification returns OK **********************
10/06/2022 10:06:35 AM: INFO: ************************** Test_001_Login **********************
10/06/2022 10:06:35 AM: INFO: ************************** Login verify title **********************
10/06/2022 10:06:40 AM: INFO: ************************** Login Test Title Verification returns OK **********************
10/06/2022 10:07:03 AM: INFO: ************************** Test_001_Login **********************
10/06/2022 10:07:03 AM: INFO: ************************** Login verify title **********************
10/06/2022 10:07:08 AM: INFO: ************************** Login Test Title Verification returns OK **********************
10/06/2022 10:07:16 AM: INFO: ************************** Test_001_Login **********************
10/06/2022 10:07:16 AM: INFO: ************************** Homepage verify title **********************
10/06/2022 10:07:16 AM: INFO: ************************** Test_001_Login **********************
10/06/2022 10:07:16 AM: INFO: ************************** Login verify title **********************
10/06/2022 10:07:18 AM: INFO: ************************** Homepage Test Title Verification returns OK **********************
10/06/2022 10:07:21 AM: INFO: ************************** Login Test Title Verification returns OK **********************
10/06/2022 03:59:11 PM: INFO: xdist worker is: gw1
10/06/2022 03:59:11 PM: INFO: ====== WebDriver manager ======
10/06/2022 03:59:11 PM: INFO: ====== WebDriver manager ======
10/06/2022 03:59:12 PM: INFO: Get LATEST chromedriver version for google-chrome 105.0.5195
10/06/2022 03:59:12 PM: INFO: Get LATEST chromedriver version for google-chrome 105.0.5195
10/06/2022 03:59:14 PM: INFO: There is no [win32] chromedriver for browser 105.0.5195 in cache
10/06/2022 03:59:14 PM: INFO: About to download new driver from https://chromedriver.storage.googleapis.com/105.0.5195.52/chromedriver_win32.zip
10/06/2022 03:59:15 PM: INFO: There is no [win32] chromedriver for browser 105.0.5195 in cache
10/06/2022 03:59:15 PM: INFO: About to download new driver from https://chromedriver.storage.googleapis.com/105.0.5195.52/chromedriver_win32.zip
10/06/2022 03:59:17 PM: INFO: Driver has been saved in cache [C:\Users\MGaspar\.wdm\gw0\drivers\chromedriver\win32\105.0.5195]
10/06/2022 03:59:20 PM: INFO: ************************** Test_001_Login **********************
10/06/2022 03:59:20 PM: INFO: ************************** Homepage verify title **********************
10/06/2022 03:59:20 PM: INFO: Driver has been saved in cache [C:\Users\MGaspar\.wdm\gw1\drivers\chromedriver\win32\105.0.5195]
10/06/2022 03:59:22 PM: INFO: ************************** Test_001_Login **********************
10/06/2022 03:59:22 PM: INFO: ************************** Login verify title **********************
10/06/2022 03:59:22 PM: INFO: ************************** Homepage Test Title Verification returns OK **********************
10/06/2022 03:59:29 PM: INFO: ************************** Login Test Title Verification returns OK **********************
10/06/2022 04:01:07 PM: INFO: xdist worker is: gw1
10/06/2022 04:01:07 PM: INFO: ====== WebDriver manager ======
10/06/2022 04:01:08 PM: INFO: Get LATEST chromedriver version for google-chrome 105.0.5195
10/06/2022 04:01:08 PM: INFO: Get LATEST chromedriver version for google-chrome 105.0.5195
10/06/2022 04:01:10 PM: INFO: Driver [C:\Users\MGaspar\.wdm\gw1\drivers\chromedriver\win32\105.0.5195\chromedriver.exe] found in cache
10/06/2022 04:01:10 PM: INFO: Driver [C:\Users\MGaspar\.wdm\gw0\drivers\chromedriver\win32\105.0.5195\chromedriver.exe] found in cache
10/06/2022 04:01:12 PM: INFO: ************************** Test_001_Login **********************
10/06/2022 04:01:12 PM: INFO: ************************** Homepage verify title **********************
10/06/2022 04:01:12 PM: INFO: ************************** Test_001_Login **********************
10/06/2022 04:01:12 PM: INFO: ************************** Login verify title **********************
10/06/2022 04:01:14 PM: INFO: ************************** Homepage Test Title Verification returns OK **********************
10/06/2022 04:01:21 PM: INFO: ************************** Login Test Title Verification returns OK **********************
10/06/2022 04:11:31 PM: INFO: xdist worker is: gw1
10/06/2022 04:11:31 PM: INFO: xdist worker is: gw0
10/06/2022 04:11:31 PM: INFO: ====== WebDriver manager ======
10/06/2022 04:11:31 PM: INFO: ====== WebDriver manager ======
10/06/2022 04:11:32 PM: INFO: Get LATEST chromedriver version for google-chrome 105.0.5195
10/06/2022 04:11:32 PM: INFO: Get LATEST chromedriver version for google-chrome 105.0.5195
10/06/2022 04:11:34 PM: INFO: Driver [C:\Users\MGaspar\.wdm\gw0\drivers\chromedriver\win32\105.0.5195\chromedriver.exe] found in cache
10/06/2022 04:11:36 PM: INFO: ************************** Test_001_Login **********************
10/06/2022 04:11:36 PM: INFO: ************************** Homepage verify title **********************
10/06/2022 04:11:36 PM: INFO: Driver [C:\Users\MGaspar\.wdm\gw1\drivers\chromedriver\win32\105.0.5195\chromedriver.exe] found in cache
10/06/2022 04:11:39 PM: INFO: ************************** Homepage Test Title Verification returns OK **********************
10/06/2022 04:11:39 PM: INFO: ************************** Test_001_Login **********************
10/06/2022 04:11:39 PM: INFO: ************************** Login verify title **********************
10/06/2022 04:11:48 PM: INFO: ************************** Login Test Title Verification returns OK **********************
10/07/2022 11:56:01 AM: INFO: xdist worker is: gw1
10/07/2022 11:56:01 AM: INFO: ====== WebDriver manager ======
10/07/2022 11:56:02 AM: INFO: Get LATEST chromedriver version for google-chrome 105.0.5195
10/07/2022 11:56:02 AM: INFO: Get LATEST chromedriver version for google-chrome 105.0.5195
10/07/2022 11:56:03 AM: INFO: About to download new driver from https://chromedriver.storage.googleapis.com/105.0.5195.52/chromedriver_win32.zip
10/07/2022 11:56:04 AM: INFO: About to download new driver from https://chromedriver.storage.googleapis.com/105.0.5195.52/chromedriver_win32.zip
10/07/2022 11:56:06 AM: INFO: Driver has been saved in cache [C:\Users\MGaspar\.wdm\gw1\drivers\chromedriver\win32\105.0.5195]
10/07/2022 11:56:08 AM: INFO: ************************** Test_001_Login **********************
10/07/2022 11:56:08 AM: INFO: ************************** Login verify title **********************
10/07/2022 11:56:08 AM: INFO: Driver has been saved in cache [C:\Users\MGaspar\.wdm\gw0\drivers\chromedriver\win32\105.0.5195]
10/07/2022 11:56:10 AM: INFO: ************************** Test_001_Login **********************
10/07/2022 11:56:10 AM: INFO: ************************** Homepage verify title **********************
10/07/2022 11:56:12 AM: INFO: ************************** Homepage Test Title Verification returns OK **********************
10/07/2022 11:56:12 AM: INFO: xdist worker is: gw0
10/07/2022 11:56:12 AM: INFO: ====== WebDriver manager ======
10/07/2022 11:56:13 AM: INFO: Get LATEST chromedriver version for google-chrome 105.0.5195
10/07/2022 11:56:14 AM: INFO: Driver [C:\Users\MGaspar\.wdm\gw0\drivers\chromedriver\win32\105.0.5195\chromedriver.exe] found in cache
10/07/2022 11:56:15 AM: INFO: ************************** Login Test Title Verification returns OK **********************
10/07/2022 11:56:16 AM: INFO: **************************Test_002_login_ddt test**********************
10/07/2022 11:56:32 AM: INFO: ***test pass***
10/07/2022 11:56:44 AM: INFO: ***passed***
10/07/2022 11:56:55 AM: INFO: ***passed***
10/07/2022 11:57:05 AM: INFO: ***passed***
10/07/2022 11:57:05 AM: INFO: ********Login ddt test passed*********
10/07/2022 11:57:05 AM: INFO: ******* End of Login DDT Test **********
10/07/2022 11:57:05 AM: INFO: **************** Completed  TC_LoginDDT_002 ************* 
10/07/2022 11:59:51 AM: INFO: xdist worker is: gw0
10/07/2022 11:59:51 AM: INFO: ====== WebDriver manager ======
10/07/2022 11:59:52 AM: INFO: Get LATEST chromedriver version for google-chrome 105.0.5195
10/07/2022 11:59:53 AM: INFO: Driver [C:\Users\MGaspar\.wdm\gw0\drivers\chromedriver\win32\105.0.5195\chromedriver.exe] found in cache
10/07/2022 11:59:54 AM: INFO: ************************** Test_001_Login **********************
10/07/2022 11:59:54 AM: INFO: ************************** Login verify title **********************
10/07/2022 12:00:01 PM: INFO: ************************** Login Test Title Verification returns OK **********************
10/07/2022 12:07:59 PM: INFO: xdist worker is: gw1
10/07/2022 12:07:59 PM: INFO: xdist worker is: gw0
10/07/2022 12:07:59 PM: INFO: ====== WebDriver manager ======
10/07/2022 12:07:59 PM: INFO: ====== WebDriver manager ======
10/07/2022 12:08:00 PM: INFO: Get LATEST chromedriver version for google-chrome 105.0.5195
10/07/2022 12:08:00 PM: INFO: Get LATEST chromedriver version for google-chrome 105.0.5195
10/07/2022 12:08:01 PM: INFO: Driver [C:\Users\MGaspar\.wdm\gw0\drivers\chromedriver\win32\105.0.5195\chromedriver.exe] found in cache
10/07/2022 12:08:02 PM: INFO: ************************** Test_001_Login **********************
10/07/2022 12:08:02 PM: INFO: ************************** Homepage verify title **********************
10/07/2022 12:08:02 PM: INFO: **************************Test_002_login_ddt test**********************
10/07/2022 12:08:05 PM: INFO: ************************** Homepage Test Title Verification returns OK **********************
10/07/2022 12:08:20 PM: INFO: ***test pass***
10/07/2022 12:19:33 PM: INFO: xdist worker is: gw1
10/07/2022 12:19:33 PM: INFO: xdist worker is: gw0
10/07/2022 12:19:33 PM: INFO: ====== WebDriver manager ======
10/07/2022 12:19:33 PM: INFO: ====== WebDriver manager ======
10/07/2022 12:19:33 PM: INFO: Get LATEST chromedriver version for google-chrome 105.0.5195
10/07/2022 12:19:33 PM: INFO: Get LATEST chromedriver version for google-chrome 105.0.5195
10/07/2022 12:19:34 PM: INFO: Driver [C:\Users\MGaspar\.wdm\gw0\drivers\chromedriver\win32\105.0.5195\chromedriver.exe] found in cache
10/07/2022 12:19:36 PM: INFO: ************************** Test_001_Login **********************
10/07/2022 12:19:36 PM: INFO: ************************** Homepage verify title **********************
10/07/2022 12:19:36 PM: INFO: **************************Test_002_login_ddt test**********************
10/07/2022 12:19:38 PM: INFO: ************************** Homepage Test Title Verification returns OK **********************
10/07/2022 12:19:53 PM: INFO: ***test pass***
10/07/2022 12:20:26 PM: INFO: xdist worker is: gw1
10/07/2022 12:20:26 PM: INFO: ====== WebDriver manager ======
10/07/2022 12:20:26 PM: INFO: ====== WebDriver manager ======
10/07/2022 12:20:26 PM: INFO: Get LATEST chromedriver version for google-chrome 105.0.5195
10/07/2022 12:20:27 PM: INFO: Driver [C:\Users\MGaspar\.wdm\gw1\drivers\chromedriver\win32\105.0.5195\chromedriver.exe] found in cache
10/07/2022 12:20:27 PM: INFO: Driver [C:\Users\MGaspar\.wdm\gw0\drivers\chromedriver\win32\105.0.5195\chromedriver.exe] found in cache
10/07/2022 12:20:29 PM: INFO: ************************** Test_001_Login **********************
10/07/2022 12:20:29 PM: INFO: ************************** Homepage verify title **********************
10/07/2022 12:20:29 PM: INFO: **************************Test_002_login_ddt test**********************
10/07/2022 12:20:31 PM: INFO: ************************** Homepage Test Title Verification returns OK **********************
10/07/2022 12:20:46 PM: INFO: ***test pass***
10/07/2022 12:20:58 PM: INFO: ***passed***
10/07/2022 12:21:09 PM: INFO: ***passed***
10/07/2022 12:21:20 PM: INFO: ***passed***
10/07/2022 12:21:20 PM: INFO: ********Login ddt test passed*********
10/07/2022 12:21:20 PM: INFO: ******* End of Login DDT Test **********
10/07/2022 12:21:20 PM: INFO: **************** Completed  TC_LoginDDT_002 ************* 
10/07/2022 12:30:14 PM: INFO: xdist worker is: gw0
10/07/2022 12:30:14 PM: INFO: xdist worker is: gw1
10/07/2022 12:30:14 PM: INFO: ====== WebDriver manager ======
10/07/2022 12:30:14 PM: INFO: ====== WebDriver manager ======
10/07/2022 12:30:14 PM: INFO: Get LATEST chromedriver version for google-chrome 105.0.5195
10/07/2022 12:30:15 PM: INFO: Driver [C:\Users\MGaspar\.wdm\gw0\drivers\chromedriver\win32\105.0.5195\chromedriver.exe] found in cache
10/07/2022 12:30:15 PM: INFO: Driver [C:\Users\MGaspar\.wdm\gw1\drivers\chromedriver\win32\105.0.5195\chromedriver.exe] found in cache
10/07/2022 12:30:17 PM: INFO: ************************** Test_001_Login **********************
10/07/2022 12:30:17 PM: INFO: ************************** Homepage verify title **********************
10/07/2022 12:30:17 PM: INFO: **************************Test_002_login_ddt test**********************
10/07/2022 12:30:19 PM: INFO: ************************** Homepage Test Title Verification returns OK **********************
10/07/2022 12:30:35 PM: INFO: ***test pass***
10/07/2022 12:30:47 PM: INFO: ***passed***
10/07/2022 12:30:58 PM: INFO: ***passed***
10/07/2022 12:31:09 PM: INFO: ***passed***
10/07/2022 12:31:09 PM: INFO: ********Login ddt test passed*********
10/07/2022 12:31:09 PM: INFO: ******* End of Login DDT Test **********
10/07/2022 12:31:09 PM: INFO: **************** Completed  TC_LoginDDT_002 ************* 
10/07/2022 12:31:30 PM: INFO: xdist worker is: gw0
10/07/2022 12:31:30 PM: INFO: ====== WebDriver manager ======
10/07/2022 12:31:30 PM: INFO: xdist worker is: gw1
10/07/2022 12:31:30 PM: INFO: ====== WebDriver manager ======
10/07/2022 12:31:31 PM: INFO: Get LATEST chromedriver version for google-chrome 105.0.5195
10/07/2022 12:31:31 PM: INFO: Get LATEST chromedriver version for google-chrome 105.0.5195
10/07/2022 12:31:33 PM: INFO: Driver [C:\Users\MGaspar\.wdm\gw0\drivers\chromedriver\win32\105.0.5195\chromedriver.exe] found in cache
10/07/2022 12:31:33 PM: INFO: Driver [C:\Users\MGaspar\.wdm\gw1\drivers\chromedriver\win32\105.0.5195\chromedriver.exe] found in cache
10/07/2022 12:31:37 PM: INFO: ************************** Test_001_Login **********************
10/07/2022 12:31:37 PM: INFO: ************************** Homepage verify title **********************
10/07/2022 12:31:37 PM: INFO: ************************** Test_001_Login **********************
10/07/2022 12:31:37 PM: INFO: ************************** Login verify title **********************
10/07/2022 12:31:40 PM: INFO: ************************** Homepage Test Title Verification returns OK **********************
10/07/2022 12:31:40 PM: INFO: xdist worker is: gw0
10/07/2022 12:31:40 PM: INFO: ====== WebDriver manager ======
10/07/2022 12:31:42 PM: INFO: Get LATEST chromedriver version for google-chrome 105.0.5195
10/07/2022 12:31:45 PM: INFO: Driver [C:\Users\MGaspar\.wdm\gw0\drivers\chromedriver\win32\105.0.5195\chromedriver.exe] found in cache
10/07/2022 12:31:47 PM: INFO: ************************** Login Test Title Verification returns OK **********************
10/07/2022 12:31:48 PM: INFO: **************************Test_002_login_ddt test**********************
10/07/2022 12:32:08 PM: INFO: ***test pass***
10/07/2022 12:32:21 PM: INFO: ***passed***
10/07/2022 12:32:32 PM: INFO: ***passed***
10/07/2022 12:32:43 PM: INFO: ***passed***
10/07/2022 12:32:43 PM: INFO: ********Login ddt test passed*********
10/07/2022 12:32:43 PM: INFO: ******* End of Login DDT Test **********
10/07/2022 12:32:43 PM: INFO: **************** Completed  TC_LoginDDT_002 ************* 
10/07/2022 04:41:34 PM: INFO: xdist worker is: gw0
10/07/2022 04:41:34 PM: INFO: ====== WebDriver manager ======
10/07/2022 04:41:34 PM: INFO: Get LATEST chromedriver version for google-chrome 105.0.5195
10/07/2022 04:41:34 PM: INFO: Get LATEST chromedriver version for google-chrome 105.0.5195
10/07/2022 04:41:36 PM: INFO: Driver [C:\Users\MGaspar\.wdm\gw0\drivers\chromedriver\win32\105.0.5195\chromedriver.exe] found in cache
10/07/2022 04:41:37 PM: INFO: Driver [C:\Users\MGaspar\.wdm\gw1\drivers\chromedriver\win32\105.0.5195\chromedriver.exe] found in cache
10/07/2022 04:41:38 PM: INFO: ************************** Test_001_Login **********************
10/07/2022 04:41:38 PM: INFO: ************************** Homepage verify title **********************
10/07/2022 04:41:39 PM: INFO: ************************** Test_001_Login **********************
10/07/2022 04:41:39 PM: INFO: ************************** Login verify title **********************
10/07/2022 04:41:41 PM: INFO: ************************** Homepage Test Title Verification returns OK **********************
10/07/2022 04:41:41 PM: INFO: xdist worker is: gw0
10/07/2022 04:41:41 PM: INFO: ====== WebDriver manager ======
10/07/2022 04:41:42 PM: INFO: Get LATEST chromedriver version for google-chrome 105.0.5195
10/07/2022 04:41:44 PM: INFO: Driver [C:\Users\MGaspar\.wdm\gw0\drivers\chromedriver\win32\105.0.5195\chromedriver.exe] found in cache
10/07/2022 04:41:45 PM: INFO: **************************Test_002_login_ddt test**********************
10/07/2022 04:41:48 PM: INFO: ************************** Login Test Title Verification returns OK **********************
10/07/2022 04:42:04 PM: INFO: ***test pass***
10/07/2022 04:42:16 PM: INFO: ***passed***
10/07/2022 04:42:27 PM: INFO: ***passed***
10/07/2022 04:42:38 PM: INFO: ***passed***
10/07/2022 04:42:38 PM: INFO: ********Login ddt test passed*********
10/07/2022 04:42:38 PM: INFO: ******* End of Login DDT Test **********
10/07/2022 04:42:38 PM: INFO: **************** Completed  TC_LoginDDT_002 ************* 
10/07/2022 04:45:37 PM: INFO: xdist worker is: gw1
10/07/2022 04:45:37 PM: INFO: xdist worker is: gw0
10/07/2022 04:45:37 PM: INFO: ====== WebDriver manager ======
10/07/2022 04:45:37 PM: INFO: ====== WebDriver manager ======
10/07/2022 04:45:38 PM: INFO: Get LATEST chromedriver version for google-chrome 105.0.5195
10/07/2022 04:45:38 PM: INFO: Get LATEST chromedriver version for google-chrome 105.0.5195
10/07/2022 04:45:39 PM: INFO: Driver [C:\Users\MGaspar\.wdm\gw0\drivers\chromedriver\win32\105.0.5195\chromedriver.exe] found in cache
10/07/2022 04:45:39 PM: INFO: Driver [C:\Users\MGaspar\.wdm\gw1\drivers\chromedriver\win32\105.0.5195\chromedriver.exe] found in cache
10/07/2022 04:45:40 PM: INFO: ************************** Test_001_Login **********************
10/07/2022 04:45:40 PM: INFO: ************************** Homepage verify title **********************
10/07/2022 04:45:40 PM: INFO: ************************** Test_001_Login **********************
10/07/2022 04:45:40 PM: INFO: ************************** Login verify title **********************
10/07/2022 04:45:43 PM: INFO: ************************** Homepage Test Title Verification returns OK **********************
10/07/2022 04:45:43 PM: INFO: xdist worker is: gw0
10/07/2022 04:45:43 PM: INFO: ====== WebDriver manager ======
10/07/2022 04:45:44 PM: INFO: Get LATEST chromedriver version for google-chrome 105.0.5195
10/07/2022 04:45:45 PM: INFO: Driver [C:\Users\MGaspar\.wdm\gw0\drivers\chromedriver\win32\105.0.5195\chromedriver.exe] found in cache
10/07/2022 04:45:46 PM: INFO: **************************Test_002_login_ddt test**********************
10/07/2022 04:45:47 PM: INFO: ************************** Login Test Title Verification returns OK **********************
10/07/2022 04:46:02 PM: INFO: ***test pass***
10/07/2022 04:46:14 PM: INFO: ***passed***
10/07/2022 04:46:25 PM: INFO: ***passed***
10/07/2022 04:46:36 PM: INFO: ***passed***
10/07/2022 04:46:36 PM: INFO: ********Login ddt test passed*********
10/07/2022 04:46:36 PM: INFO: ******* End of Login DDT Test **********
10/07/2022 04:46:36 PM: INFO: **************** Completed  TC_LoginDDT_002 ************* 
10/07/2022 04:47:43 PM: INFO: xdist worker is: gw1
10/07/2022 04:47:43 PM: INFO: xdist worker is: gw0
10/07/2022 04:47:43 PM: INFO: ====== WebDriver manager ======
10/07/2022 04:47:43 PM: INFO: ====== WebDriver manager ======
10/07/2022 04:47:43 PM: INFO: Get LATEST chromedriver version for google-chrome 105.0.5195
10/07/2022 04:47:43 PM: INFO: Get LATEST chromedriver version for google-chrome 105.0.5195
10/07/2022 04:47:44 PM: INFO: Driver [C:\Users\MGaspar\.wdm\gw1\drivers\chromedriver\win32\105.0.5195\chromedriver.exe] found in cache
10/07/2022 04:47:46 PM: INFO: ************************** Test_001_Login **********************
10/07/2022 04:47:46 PM: INFO: ************************** Login verify title **********************
10/07/2022 04:47:46 PM: INFO: Driver [C:\Users\MGaspar\.wdm\gw0\drivers\chromedriver\win32\105.0.5195\chromedriver.exe] found in cache
10/07/2022 04:47:47 PM: INFO: ************************** Test_001_Login **********************
10/07/2022 04:47:47 PM: INFO: ************************** Homepage verify title **********************
10/07/2022 04:48:01 PM: INFO: ************************** Homepage Test Title Verification returns OK **********************
10/07/2022 04:48:01 PM: INFO: xdist worker is: gw0
10/07/2022 04:48:01 PM: INFO: ====== WebDriver manager ======
10/07/2022 04:48:02 PM: INFO: Get LATEST chromedriver version for google-chrome 105.0.5195
10/07/2022 04:48:03 PM: INFO: Driver [C:\Users\MGaspar\.wdm\gw0\drivers\chromedriver\win32\105.0.5195\chromedriver.exe] found in cache
10/07/2022 04:48:04 PM: INFO: **************************Test_002_login_ddt test**********************
10/07/2022 04:48:14 PM: INFO: ************************** Login Test Title Verification returns OK **********************
10/07/2022 04:48:23 PM: INFO: ***test pass***
10/07/2022 04:48:35 PM: INFO: ***passed***
10/07/2022 04:48:46 PM: INFO: ***passed***
10/07/2022 04:48:57 PM: INFO: ***passed***
10/07/2022 04:48:57 PM: INFO: ********Login ddt test passed*********
10/07/2022 04:48:57 PM: INFO: ******* End of Login DDT Test **********
10/07/2022 04:48:57 PM: INFO: **************** Completed  TC_LoginDDT_002 ************* 
10/07/2022 04:54:00 PM: INFO: xdist worker is: gw0
10/07/2022 04:54:00 PM: INFO: ====== WebDriver manager ======
10/07/2022 04:54:00 PM: INFO: ====== WebDriver manager ======
10/07/2022 04:54:01 PM: INFO: Get LATEST chromedriver version for google-chrome 105.0.5195
10/07/2022 04:54:01 PM: INFO: Get LATEST chromedriver version for google-chrome 105.0.5195
10/07/2022 04:54:02 PM: INFO: Driver [C:\Users\MGaspar\.wdm\gw0\drivers\chromedriver\win32\105.0.5195\chromedriver.exe] found in cache
10/07/2022 04:54:04 PM: INFO: ************************** Test_001_Login **********************
10/07/2022 04:54:04 PM: INFO: ************************** Homepage verify title **********************
10/07/2022 04:54:04 PM: INFO: ************************** Test_001_Login **********************
10/07/2022 04:54:04 PM: INFO: ************************** Login verify title **********************
10/07/2022 04:54:06 PM: INFO: ************************** Homepage Test Title Verification returns OK **********************
10/07/2022 04:54:06 PM: INFO: xdist worker is: gw0
10/07/2022 04:54:06 PM: INFO: ====== WebDriver manager ======
10/07/2022 04:54:07 PM: INFO: Get LATEST chromedriver version for google-chrome 105.0.5195
10/07/2022 04:54:08 PM: INFO: Driver [C:\Users\MGaspar\.wdm\gw0\drivers\chromedriver\win32\105.0.5195\chromedriver.exe] found in cache
10/07/2022 04:54:09 PM: INFO: **************************Test_002_login_ddt test**********************
10/07/2022 04:54:12 PM: INFO: ************************** Login Test Title Verification returns OK **********************
10/07/2022 04:54:27 PM: INFO: ***test pass***
10/07/2022 04:54:39 PM: INFO: ***passed***
10/07/2022 04:54:50 PM: INFO: ***passed***
10/07/2022 04:55:01 PM: INFO: ***passed***
10/07/2022 04:55:01 PM: INFO: ********Login ddt test passed*********
10/07/2022 04:55:01 PM: INFO: ******* End of Login DDT Test **********
10/07/2022 04:55:01 PM: INFO: **************** Completed  TC_LoginDDT_002 ************* 
10/07/2022 05:01:10 PM: INFO: xdist worker is: gw1
10/07/2022 05:01:10 PM: INFO: xdist worker is: gw0
10/07/2022 05:01:10 PM: INFO: ====== WebDriver manager ======
10/07/2022 05:01:10 PM: INFO: ====== WebDriver manager ======
10/07/2022 05:01:11 PM: INFO: Get LATEST chromedriver version for google-chrome 105.0.5195
10/07/2022 05:01:11 PM: INFO: Get LATEST chromedriver version for google-chrome 105.0.5195
10/07/2022 05:01:12 PM: INFO: Driver [C:\Users\MGaspar\.wdm\gw1\drivers\chromedriver\win32\105.0.5195\chromedriver.exe] found in cache
10/07/2022 05:01:13 PM: INFO: ************************** Test_001_Login **********************
10/07/2022 05:01:13 PM: INFO: ************************** Homepage verify title **********************
10/07/2022 05:01:13 PM: INFO: ************************** Test_001_Login **********************
10/07/2022 05:01:13 PM: INFO: ************************** Login verify title **********************
10/07/2022 05:01:16 PM: INFO: ************************** Homepage Test Title Verification returns OK **********************
10/07/2022 05:01:16 PM: INFO: xdist worker is: gw0
10/07/2022 05:01:16 PM: INFO: ====== WebDriver manager ======
10/07/2022 05:01:16 PM: INFO: Get LATEST chromedriver version for google-chrome 105.0.5195
10/07/2022 05:01:18 PM: INFO: Driver [C:\Users\MGaspar\.wdm\gw0\drivers\chromedriver\win32\105.0.5195\chromedriver.exe] found in cache
10/07/2022 05:01:19 PM: INFO: **************************Test_002_login_ddt test**********************
10/07/2022 05:01:20 PM: INFO: ************************** Login Test Title Verification returns OK **********************
10/07/2022 05:01:35 PM: INFO: ***test pass***
10/07/2022 05:01:47 PM: INFO: ***passed***
10/07/2022 05:01:58 PM: INFO: ***passed***
10/07/2022 05:02:08 PM: INFO: ***passed***
10/07/2022 05:02:08 PM: INFO: ********Login ddt test passed*********
10/07/2022 05:02:08 PM: INFO: ******* End of Login DDT Test **********
10/07/2022 05:02:08 PM: INFO: **************** Completed  TC_LoginDDT_002 ************* 
10/07/2022 05:07:00 PM: INFO: xdist worker is: gw1
10/07/2022 05:07:00 PM: INFO: ====== WebDriver manager ======
10/07/2022 05:07:00 PM: INFO: ====== WebDriver manager ======
10/07/2022 05:07:00 PM: INFO: Get LATEST chromedriver version for google-chrome 105.0.5195
10/07/2022 05:07:00 PM: INFO: Get LATEST chromedriver version for google-chrome 105.0.5195
10/07/2022 05:07:01 PM: INFO: Driver [C:\Users\MGaspar\.wdm\gw0\drivers\chromedriver\win32\105.0.5195\chromedriver.exe] found in cache
10/07/2022 05:07:01 PM: INFO: Driver [C:\Users\MGaspar\.wdm\gw1\drivers\chromedriver\win32\105.0.5195\chromedriver.exe] found in cache
10/07/2022 05:07:03 PM: INFO: ************************** Test_001_Login **********************
10/07/2022 05:07:03 PM: INFO: ************************** Homepage verify title **********************
10/07/2022 05:07:03 PM: INFO: ************************** Test_001_Login **********************
10/07/2022 05:07:03 PM: INFO: ************************** Login verify title **********************
10/07/2022 05:07:05 PM: INFO: ************************** Homepage Test Title Verification returns OK **********************
10/07/2022 05:07:06 PM: INFO: xdist worker is: gw0
10/07/2022 05:07:06 PM: INFO: ====== WebDriver manager ======
10/07/2022 05:07:06 PM: INFO: Get LATEST chromedriver version for google-chrome 105.0.5195
10/07/2022 05:07:07 PM: INFO: Driver [C:\Users\MGaspar\.wdm\gw0\drivers\chromedriver\win32\105.0.5195\chromedriver.exe] found in cache
10/07/2022 05:07:09 PM: INFO: **************************Test_002_login_ddt test**********************
10/07/2022 05:07:10 PM: INFO: ************************** Login Test Title Verification returns OK **********************
10/07/2022 05:07:25 PM: INFO: ***test pass***
10/07/2022 05:07:37 PM: INFO: ***passed***
10/07/2022 05:07:48 PM: INFO: ***passed***
10/07/2022 05:07:59 PM: INFO: ***passed***
10/07/2022 05:07:59 PM: INFO: ********Login ddt test passed*********
10/07/2022 05:07:59 PM: INFO: ******* End of Login DDT Test **********
10/07/2022 05:07:59 PM: INFO: **************** Completed  TC_LoginDDT_002 ************* 
10/11/2022 05:41:51 PM: INFO: xdist worker is: gw1
10/11/2022 05:41:51 PM: INFO: ====== WebDriver manager ======
10/11/2022 05:41:51 PM: INFO: ====== WebDriver manager ======
10/11/2022 05:41:51 PM: INFO: Get LATEST chromedriver version for google-chrome 105.0.5195
10/11/2022 05:41:51 PM: INFO: Get LATEST chromedriver version for google-chrome 105.0.5195
10/11/2022 05:41:52 PM: INFO: There is no [win32] chromedriver for browser 105.0.5195 in cache
10/11/2022 05:41:52 PM: INFO: About to download new driver from https://chromedriver.storage.googleapis.com/105.0.5195.52/chromedriver_win32.zip
10/11/2022 05:41:52 PM: INFO: There is no [win32] chromedriver for browser 105.0.5195 in cache
10/11/2022 05:41:52 PM: INFO: About to download new driver from https://chromedriver.storage.googleapis.com/105.0.5195.52/chromedriver_win32.zip
10/11/2022 05:41:56 PM: INFO: Driver has been saved in cache [C:\Users\User-PC\.wdm\gw1\drivers\chromedriver\win32\105.0.5195]
10/11/2022 05:41:57 PM: INFO: Driver has been saved in cache [C:\Users\User-PC\.wdm\gw0\drivers\chromedriver\win32\105.0.5195]
10/11/2022 05:41:59 PM: INFO: ************************** Test_001_Login **********************
10/11/2022 05:41:59 PM: INFO: ************************** Homepage verify title **********************
10/11/2022 05:41:59 PM: INFO: ************************** Test_001_Login **********************
10/11/2022 05:41:59 PM: INFO: ************************** Login verify title **********************
10/11/2022 05:42:05 PM: INFO: ************************** Homepage Test Title Verification returns OK **********************
10/11/2022 05:42:05 PM: INFO: xdist worker is: gw0
10/11/2022 05:42:05 PM: INFO: ====== WebDriver manager ======
10/11/2022 05:42:05 PM: INFO: Get LATEST chromedriver version for google-chrome 105.0.5195
10/11/2022 05:42:06 PM: INFO: Driver [C:\Users\User-PC\.wdm\gw0\drivers\chromedriver\win32\105.0.5195\chromedriver.exe] found in cache
10/11/2022 05:42:07 PM: INFO: **************************Test_002_login_ddt test**********************
10/11/2022 05:42:12 PM: INFO: ************************** Login Test Title Verification returns OK **********************
10/11/2022 05:42:24 PM: INFO: ***test pass***
10/11/2022 05:42:36 PM: INFO: ***passed***
10/11/2022 05:42:46 PM: INFO: ***passed***
10/11/2022 05:42:57 PM: INFO: ***passed***
10/11/2022 05:42:57 PM: INFO: ********Login ddt test passed*********
10/11/2022 05:42:57 PM: INFO: ******* End of Login DDT Test **********
10/11/2022 05:42:57 PM: INFO: **************** Completed  TC_LoginDDT_002 ************* 
10/11/2022 06:38:02 PM: INFO: xdist worker is: gw1
10/11/2022 06:38:02 PM: INFO: xdist worker is: gw0
10/11/2022 06:38:02 PM: INFO: ====== WebDriver manager ======
10/11/2022 06:38:02 PM: INFO: ====== WebDriver manager ======
10/11/2022 06:38:02 PM: INFO: Get LATEST chromedriver version for google-chrome 105.0.5195
10/11/2022 06:38:02 PM: INFO: Get LATEST chromedriver version for google-chrome 105.0.5195
10/11/2022 06:38:03 PM: INFO: Driver [C:\Users\User-PC\.wdm\gw0\drivers\chromedriver\win32\105.0.5195\chromedriver.exe] found in cache
10/11/2022 06:38:03 PM: INFO: Driver [C:\Users\User-PC\.wdm\gw1\drivers\chromedriver\win32\105.0.5195\chromedriver.exe] found in cache
10/11/2022 06:38:04 PM: INFO: ************************** Test_001_Login **********************
10/11/2022 06:38:04 PM: INFO: ************************** Homepage verify title **********************
10/11/2022 06:38:04 PM: INFO: ************************** Test_001_Login **********************
10/11/2022 06:38:04 PM: INFO: ************************** Login verify title **********************
10/11/2022 06:38:10 PM: INFO: ************************** Homepage Test Title Verification returns OK **********************
10/11/2022 06:38:10 PM: INFO: xdist worker is: gw0
10/11/2022 06:38:10 PM: INFO: ====== WebDriver manager ======
10/11/2022 06:38:10 PM: INFO: Get LATEST chromedriver version for google-chrome 105.0.5195
10/11/2022 06:38:11 PM: INFO: Driver [C:\Users\User-PC\.wdm\gw0\drivers\chromedriver\win32\105.0.5195\chromedriver.exe] found in cache
10/11/2022 06:38:12 PM: INFO: **************************Test_002_login_ddt test**********************
10/11/2022 06:38:29 PM: INFO: ***test pass***
10/11/2022 06:38:41 PM: INFO: ***passed***
10/11/2022 06:38:51 PM: INFO: ***passed***
10/11/2022 06:39:02 PM: INFO: ***passed***
10/11/2022 06:39:02 PM: INFO: ********Login ddt test passed*********
10/11/2022 06:39:02 PM: INFO: ******* End of Login DDT Test **********
10/11/2022 06:39:02 PM: INFO: **************** Completed  TC_LoginDDT_002 ************* 
10/11/2022 06:45:53 PM: INFO: xdist worker is: gw1
10/11/2022 06:45:53 PM: INFO: ====== WebDriver manager ======
10/11/2022 06:45:53 PM: INFO: xdist worker is: gw0
10/11/2022 06:45:53 PM: INFO: ====== WebDriver manager ======
10/11/2022 06:45:54 PM: INFO: Get LATEST chromedriver version for google-chrome 105.0.5195
10/11/2022 06:45:54 PM: INFO: Get LATEST chromedriver version for google-chrome 105.0.5195
10/11/2022 06:46:01 PM: INFO: Driver [C:\Users\User-PC\.wdm\gw1\drivers\chromedriver\win32\105.0.5195\chromedriver.exe] found in cache
10/11/2022 06:46:01 PM: INFO: Driver [C:\Users\User-PC\.wdm\gw0\drivers\chromedriver\win32\105.0.5195\chromedriver.exe] found in cache
10/11/2022 06:46:02 PM: INFO: ************************** Test_001_Login **********************
10/11/2022 06:46:02 PM: INFO: ************************** Login verify title **********************
10/11/2022 06:46:02 PM: INFO: ************************** Test_001_Login **********************
10/11/2022 06:46:02 PM: INFO: ************************** Homepage verify title **********************
10/11/2022 06:46:09 PM: INFO: ************************** Homepage Test Title Verification returns OK **********************
10/11/2022 06:46:11 PM: INFO: xdist worker is: gw0
10/11/2022 06:46:11 PM: INFO: ====== WebDriver manager ======
10/11/2022 06:46:11 PM: INFO: Get LATEST chromedriver version for google-chrome 105.0.5195
10/11/2022 06:46:12 PM: INFO: Driver [C:\Users\User-PC\.wdm\gw0\drivers\chromedriver\win32\105.0.5195\chromedriver.exe] found in cache
10/11/2022 06:46:13 PM: INFO: **************************Test_002_login_ddt test**********************
10/11/2022 06:46:31 PM: INFO: ***test pass***
10/11/2022 06:46:43 PM: INFO: ***passed***
10/11/2022 06:46:53 PM: INFO: ***passed***
10/11/2022 06:47:04 PM: INFO: ***passed***
10/11/2022 06:47:04 PM: INFO: ********Login ddt test passed*********
10/11/2022 06:47:04 PM: INFO: ******* End of Login DDT Test **********
10/11/2022 06:47:04 PM: INFO: **************** Completed  TC_LoginDDT_002 ************* 
10/11/2022 06:49:17 PM: INFO: xdist worker is: gw0
10/11/2022 06:49:17 PM: INFO: ====== WebDriver manager ======
10/11/2022 06:49:17 PM: INFO: Get LATEST chromedriver version for google-chrome 105.0.5195
10/11/2022 06:49:18 PM: INFO: Driver [C:\Users\User-PC\.wdm\gw0\drivers\chromedriver\win32\105.0.5195\chromedriver.exe] found in cache
10/11/2022 06:49:19 PM: INFO: ************************** Test_001_Login **********************
10/11/2022 06:49:19 PM: INFO: ************************** Login verify title **********************
10/11/2022 06:51:59 PM: INFO: xdist worker is: gw0
10/11/2022 06:51:59 PM: INFO: ====== WebDriver manager ======
10/11/2022 06:52:00 PM: INFO: Get LATEST chromedriver version for google-chrome 105.0.5195
10/11/2022 06:52:01 PM: INFO: Driver [C:\Users\User-PC\.wdm\gw0\drivers\chromedriver\win32\105.0.5195\chromedriver.exe] found in cache
10/11/2022 06:52:02 PM: INFO: ************************** Test_001_Login **********************
10/11/2022 06:52:02 PM: INFO: ************************** Login verify title **********************
10/11/2022 06:52:51 PM: INFO: xdist worker is: gw1
10/11/2022 06:52:51 PM: INFO: ====== WebDriver manager ======
10/11/2022 06:52:51 PM: INFO: xdist worker is: gw0
10/11/2022 06:52:51 PM: INFO: ====== WebDriver manager ======
10/11/2022 06:52:51 PM: INFO: Get LATEST chromedriver version for google-chrome 105.0.5195
10/11/2022 06:52:51 PM: INFO: Get LATEST chromedriver version for google-chrome 105.0.5195
10/11/2022 06:52:52 PM: INFO: Driver [C:\Users\User-PC\.wdm\gw1\drivers\chromedriver\win32\105.0.5195\chromedriver.exe] found in cache
10/11/2022 06:52:52 PM: INFO: Driver [C:\Users\User-PC\.wdm\gw0\drivers\chromedriver\win32\105.0.5195\chromedriver.exe] found in cache
10/11/2022 06:52:54 PM: INFO: ************************** Test_001_Login **********************
10/11/2022 06:52:54 PM: INFO: ************************** Homepage verify title **********************
10/11/2022 06:52:54 PM: INFO: ************************** Test_001_Login **********************
10/11/2022 06:52:54 PM: INFO: ************************** Login verify title **********************
10/11/2022 06:52:57 PM: INFO: ************************** Homepage Test Title Verification returns OK **********************
10/11/2022 06:52:57 PM: INFO: xdist worker is: gw0
10/11/2022 06:52:57 PM: INFO: ====== WebDriver manager ======
10/11/2022 06:52:58 PM: INFO: Get LATEST chromedriver version for google-chrome 105.0.5195
10/11/2022 06:52:59 PM: INFO: Driver [C:\Users\User-PC\.wdm\gw0\drivers\chromedriver\win32\105.0.5195\chromedriver.exe] found in cache
10/11/2022 06:53:00 PM: INFO: **************************Test_002_login_ddt test**********************
10/11/2022 06:53:00 PM: INFO: ************************** Login Test Title Verification returns OK **********************
10/11/2022 06:53:17 PM: INFO: ***test pass***
10/11/2022 06:53:29 PM: INFO: ***passed***
10/11/2022 06:53:39 PM: INFO: ***passed***
10/11/2022 06:53:50 PM: INFO: ***passed***
10/11/2022 06:53:50 PM: INFO: ********Login ddt test passed*********
10/11/2022 06:53:50 PM: INFO: ******* End of Login DDT Test **********
10/11/2022 06:53:50 PM: INFO: **************** Completed  TC_LoginDDT_002 ************* 
